<?xml version="1.0" encoding="UTF-8"?>
<!-- Generated by org.testng.reporters.JUnitReportReporter -->
<testsuite hostname="Pingu" failures="0" tests="1" name="com.example.project.App.AppTest" time="68.219" errors="0" timestamp="2025-08-29T08:03:28 IST" skipped="0">
  <testcase classname="com.example.project.App.AppTest" name="testCase1_Login" time="68.219"/>
</testsuite> <!-- com.example.project.App.AppTest -->
