<?xml version="1.0" encoding="UTF-8"?>
<!-- Generated by org.testng.reporters.JUnitReportReporter -->
<testsuite hostname="Pingu" failures="0" tests="1" name="com.example.project.App.AppTest" time="2.548" errors="0" timestamp="2025-08-26T08:31:12 IST" skipped="0">
  <testcase classname="com.example.project.App.AppTest" name="testCase1_Login" time="2.548"/>
</testsuite> <!-- com.example.project.App.AppTest -->
