<?xml version="1.0" encoding="UTF-8"?>
<!-- Generated by org.testng.reporters.JUnitReportReporter -->
<testsuite hostname="Pingu" failures="0" tests="1" name="com.example.project.App.MyTest" time="0.026" errors="0" timestamp="2025-08-08T22:59:52 IST" skipped="0">
  <testcase classname="com.example.project.App.MyTest" name="setUp" time="0.026"/>
</testsuite> <!-- com.example.project.App.MyTest -->
